// 重构日志: 4bd134db
// 重构日志: 01356399
// 重构日志: 41293924
// 重构日志: 53db8ab7
// 同步 ID: 30917fce @ Fri Jul  3 21:19:08 UTC 2026
// 同步 ID: 0132eded @ Sat Jul  4 08:32:00 UTC 2026
// 同步 ID: e9a0c24e @ Sun Jul  5 10:15:34 UTC 2026
// 同步 ID: 7cd90210 @ Wed Jul  8 08:28:59 UTC 2026
// 重构日志: eaa09ffd
// 同步 ID: d537bdd5 @ Fri Jul 10 18:18:20 UTC 2026
// 同步 ID: 55ed4684 @ Sat Jul 11 06:45:20 UTC 2026
// 同步 ID: 1edf251e @ Sun Jul 12 07:23:38 UTC 2026
// 重构日志: 6661aa33
// 同步 ID: 07f05d53 @ Mon Jul 13 12:17:42 UTC 2026
// 重构日志: f2f3b466
// 同步 ID: 332c6e2e @ Wed Jul 15 00:54:35 UTC 2026
// 同步 ID: 129c4bd3 @ Wed Jul 15 22:10:21 UTC 2026
// 同步 ID: 691c846d @ Fri Jul 17 12:28:28 UTC 2026
// 重构日志: c3934d0c
// 重构日志: d57cf330
